<?xml version="1.0" encoding="UTF-8"?>
<!-- Generated by org.testng.reporters.JUnitReportReporter -->
<testsuite skipped="1" hostname="DESKTOP-OQEVBDR" name="com.crm.scripts.PipelineTest" tests="2" failures="0" timestamp="27 May 2020 15:10:35 GMT" time="3.015" errors="1">
  <testcase name="preCondition" time="3.015" classname="com.crm.scripts.PipelineTest">
    <error type="org.openqa.selenium.SessionNotCreatedException" message="session not created: This version of ChromeDriver only supports Chrome version 80
Build info: version: &#039;3.141.59&#039;, revision: &#039;e82be7d358&#039;, time: &#039;2018-11-14T08:25:53&#039;
System info: host: &#039;DESKTOP-OQEVBDR&#039;, ip: &#039;192.168.0.147&#039;, os.name: &#039;Windows 10&#039;, os.arch: &#039;amd64&#039;, os.version: &#039;10.0&#039;, java.version: &#039;1.8.0_221&#039;
Driver info: driver.version: ChromeDriver
remote stacktrace: Backtrace:
	Ordinal0 [0x00E20AE3+1706723]
	Ordinal0 [0x00D868C1+1075393]
	Ordinal0 [0x00CFDFA9+516009]
	Ordinal0 [0x00C90554+66900]
	Ordinal0 [0x00C8CCE2+52450]
	Ordinal0 [0x00CABFD7+180183]
	Ordinal0 [0x00CABDDD+179677]
	Ordinal0 [0x00CA9D4B+171339]
	Ordinal0 [0x00C91D4A+73034]
	Ordinal0 [0x00C92DC0+77248]
	Ordinal0 [0x00C92D59+77145]
	Ordinal0 [0x00D9BB37+1162039]
	GetHandleVerifier [0x00EBA7C6+508998]
	GetHandleVerifier [0x00EBA504+508292]
	GetHandleVerifier [0x00ECF617+594583]
	GetHandleVerifier [0x00EBB036+511158]
	Ordinal0 [0x00D93FFC+1130492]
	Ordinal0 [0x00D9D49B+1168539]
	Ordinal0 [0x00D9D603+1168899]
	Ordinal0 [0x00DB5B05+1268485]
	BaseThreadInitThunk [0x760B6359+25]
	RtlGetAppContainerNamedObjectPath [0x77137C24+228]
	RtlGetAppContainerNamedObjectPath [0x77137BF4+180]
">
      <![CDATA[org.openqa.selenium.SessionNotCreatedException: session not created: This version of ChromeDriver only supports Chrome version 80
Build info: version: '3.141.59', revision: 'e82be7d358', time: '2018-11-14T08:25:53'
System info: host: 'DESKTOP-OQEVBDR', ip: '192.168.0.147', os.name: 'Windows 10', os.arch: 'amd64', os.version: '10.0', java.version: '1.8.0_221'
Driver info: driver.version: ChromeDriver
remote stacktrace: Backtrace:
	Ordinal0 [0x00E20AE3+1706723]
	Ordinal0 [0x00D868C1+1075393]
	Ordinal0 [0x00CFDFA9+516009]
	Ordinal0 [0x00C90554+66900]
	Ordinal0 [0x00C8CCE2+52450]
	Ordinal0 [0x00CABFD7+180183]
	Ordinal0 [0x00CABDDD+179677]
	Ordinal0 [0x00CA9D4B+171339]
	Ordinal0 [0x00C91D4A+73034]
	Ordinal0 [0x00C92DC0+77248]
	Ordinal0 [0x00C92D59+77145]
	Ordinal0 [0x00D9BB37+1162039]
	GetHandleVerifier [0x00EBA7C6+508998]
	GetHandleVerifier [0x00EBA504+508292]
	GetHandleVerifier [0x00ECF617+594583]
	GetHandleVerifier [0x00EBB036+511158]
	Ordinal0 [0x00D93FFC+1130492]
	Ordinal0 [0x00D9D49B+1168539]
	Ordinal0 [0x00D9D603+1168899]
	Ordinal0 [0x00DB5B05+1268485]
	BaseThreadInitThunk [0x760B6359+25]
	RtlGetAppContainerNamedObjectPath [0x77137C24+228]
	RtlGetAppContainerNamedObjectPath [0x77137BF4+180]

	at sun.reflect.NativeConstructorAccessorImpl.newInstance0(Native Method)
	at sun.reflect.NativeConstructorAccessorImpl.newInstance(NativeConstructorAccessorImpl.java:62)
	at sun.reflect.DelegatingConstructorAccessorImpl.newInstance(DelegatingConstructorAccessorImpl.java:45)
	at java.lang.reflect.Constructor.newInstance(Constructor.java:423)
	at org.openqa.selenium.remote.W3CHandshakeResponse.lambda$errorHandler$0(W3CHandshakeResponse.java:62)
	at org.openqa.selenium.remote.HandshakeResponse.lambda$getResponseFunction$0(HandshakeResponse.java:30)
	at org.openqa.selenium.remote.ProtocolHandshake.lambda$createSession$0(ProtocolHandshake.java:126)
	at java.util.stream.ReferencePipeline$3$1.accept(ReferencePipeline.java:193)
	at java.util.Spliterators$ArraySpliterator.tryAdvance(Spliterators.java:958)
	at java.util.stream.ReferencePipeline.forEachWithCancel(ReferencePipeline.java:126)
	at java.util.stream.AbstractPipeline.copyIntoWithCancel(AbstractPipeline.java:499)
	at java.util.stream.AbstractPipeline.copyInto(AbstractPipeline.java:486)
	at java.util.stream.AbstractPipeline.wrapAndCopyInto(AbstractPipeline.java:472)
	at java.util.stream.FindOps$FindOp.evaluateSequential(FindOps.java:152)
	at java.util.stream.AbstractPipeline.evaluate(AbstractPipeline.java:234)
	at java.util.stream.ReferencePipeline.findFirst(ReferencePipeline.java:464)
	at org.openqa.selenium.remote.ProtocolHandshake.createSession(ProtocolHandshake.java:128)
	at org.openqa.selenium.remote.ProtocolHandshake.createSession(ProtocolHandshake.java:74)
	at org.openqa.selenium.remote.HttpCommandExecutor.execute(HttpCommandExecutor.java:136)
	at org.openqa.selenium.remote.service.DriverCommandExecutor.execute(DriverCommandExecutor.java:83)
	at org.openqa.selenium.remote.RemoteWebDriver.execute(RemoteWebDriver.java:552)
	at org.openqa.selenium.remote.RemoteWebDriver.startSession(RemoteWebDriver.java:213)
	at org.openqa.selenium.remote.RemoteWebDriver.<init>(RemoteWebDriver.java:131)
	at org.openqa.selenium.chrome.ChromeDriver.<init>(ChromeDriver.java:181)
	at org.openqa.selenium.chrome.ChromeDriver.<init>(ChromeDriver.java:168)
	at org.openqa.selenium.chrome.ChromeDriver.<init>(ChromeDriver.java:123)
	at com.crm.generic.BrowserFactory.launchBrowser(BrowserFactory.java:16)
	at com.crm.generic.BaseLib.preCondition(BaseLib.java:17)
	at sun.reflect.NativeMethodAccessorImpl.invoke0(Native Method)
	at sun.reflect.NativeMethodAccessorImpl.invoke(NativeMethodAccessorImpl.java:62)
	at sun.reflect.DelegatingMethodAccessorImpl.invoke(DelegatingMethodAccessorImpl.java:43)
	at java.lang.reflect.Method.invoke(Method.java:498)
	at org.testng.internal.MethodInvocationHelper.invokeMethod(MethodInvocationHelper.java:108)
	at org.testng.internal.Invoker.invokeConfigurationMethod(Invoker.java:523)
	at org.testng.internal.Invoker.invokeConfigurations(Invoker.java:224)
	at org.testng.internal.Invoker.invokeMethod(Invoker.java:599)
	at org.testng.internal.Invoker.invokeTestMethod(Invoker.java:869)
	at org.testng.internal.Invoker.invokeTestMethods(Invoker.java:1193)
	at org.testng.internal.TestMethodWorker.invokeTestMethods(TestMethodWorker.java:126)
	at org.testng.internal.TestMethodWorker.run(TestMethodWorker.java:109)
	at org.testng.TestRunner.privateRun(TestRunner.java:744)
	at org.testng.TestRunner.run(TestRunner.java:602)
	at org.testng.SuiteRunner.runTest(SuiteRunner.java:380)
	at org.testng.SuiteRunner.runSequentially(SuiteRunner.java:375)
	at org.testng.SuiteRunner.privateRun(SuiteRunner.java:340)
	at org.testng.SuiteRunner.run(SuiteRunner.java:289)
	at org.testng.SuiteRunnerWorker.runSuite(SuiteRunnerWorker.java:52)
	at org.testng.SuiteRunnerWorker.run(SuiteRunnerWorker.java:86)
	at org.testng.TestNG.runSuitesSequentially(TestNG.java:1301)
	at org.testng.TestNG.runSuitesLocally(TestNG.java:1226)
	at org.testng.TestNG.runSuites(TestNG.java:1144)
	at org.testng.TestNG.run(TestNG.java:1115)
	at org.testng.remote.AbstractRemoteTestNG.run(AbstractRemoteTestNG.java:132)
	at org.testng.remote.RemoteTestNG.initAndRun(RemoteTestNG.java:230)
	at org.testng.remote.RemoteTestNG.main(RemoteTestNG.java:76)
]]>
    </error>
  </testcase> <!-- preCondition -->
  <testcase name="abs" time="0.000" classname="com.crm.scripts.PipelineTest">
    <skipped/>
  </testcase> <!-- abs -->
</testsuite> <!-- com.crm.scripts.PipelineTest -->
